<?xml version="1.0" encoding="UTF-8"?>
<!-- Generated by org.testng.reporters.JUnitReportReporter -->
<testsuite hostname="DESKTOP-QMEBHNC" failures="0" tests="3" name="com.herokuapp.tests.AlertsTests" time="15.395" errors="0" timestamp="2024-04-18T22:14:17 MESZ" skipped="0">
  <testcase classname="com.herokuapp.tests.AlertsTests" name="alertJS" time="6.307"/>
  <testcase classname="com.herokuapp.tests.AlertsTests" name="alertJSPromt" time="4.598"/>
  <testcase classname="com.herokuapp.tests.AlertsTests" name="alertJSConfirm" time="4.490"/>
</testsuite> <!-- com.herokuapp.tests.AlertsTests -->
